<?xml version="1.0" encoding="UTF-8"?>
<!-- Generated by org.testng.reporters.JUnitReportReporter -->
<testsuite hostname="Karthik-Hp-2021" failures="0" tests="1" name="Base.AtoZrecipes" time="12.076" errors="0" timestamp="2024-07-11T18:55:20 CDT" skipped="0">
  <testcase classname="Base.AtoZrecipes" name="Scrapping" time="12.076"/>
</testsuite> <!-- Base.AtoZrecipes -->
