<?xml version="1.0" encoding="UTF-8"?>
<!-- Generated by org.testng.reporters.JUnitReportReporter -->
<testsuite hostname="Karthik-Hp-2021" failures="0" tests="1" name="Base.AllergyIngredientScrapped" time="79.068" errors="0" timestamp="2024-07-16T23:09:18 CDT" skipped="0">
  <testcase classname="Base.AllergyIngredientScrapped" name="Scrapping" time="79.068"/>
</testsuite> <!-- Base.AllergyIngredientScrapped -->
