<?xml version="1.0" encoding="UTF-8"?>
<!-- Generated by org.testng.reporters.JUnitReportReporter -->
<testsuite hostname="WINDOWS-I321LLC" failures="0" tests="1" name="Base.AtoZrecipes" time="25.728" errors="0" timestamp="2024-07-11T04:05:19 EDT" skipped="0">
  <testcase classname="Base.AtoZrecipes" name="Scrapping" time="25.728"/>
</testsuite> <!-- Base.AtoZrecipes -->
