<?xml version="1.0" encoding="UTF-8"?>
<!-- Generated by org.testng.reporters.JUnitReportReporter -->
<testsuite hostname="LAPTOP-N2E6OMSG" failures="0" tests="1" name="Base.Scraping" time="75.529" errors="0" timestamp="2024-07-14T23:33:17 EDT" skipped="0">
  <testcase classname="Base.Scraping" name="Scrapping" time="75.529"/>
</testsuite> <!-- Base.Scraping -->
