<?xml version="1.0" encoding="UTF-8"?>
<!-- Generated by org.testng.reporters.JUnitReportReporter -->
<testsuite hostname="DESKTOP-88CLK0G" failures="0" tests="1" name="Base.AtoZrecipes" time="5.817" errors="0" timestamp="2024-07-13T11:14:25 EDT" skipped="0">
  <testcase classname="Base.AtoZrecipes" name="Scrapping" time="5.817"/>
  <system-out/>
</testsuite> <!-- Base.AtoZrecipes -->
