<?xml version="1.0" encoding="UTF-8"?>
<!-- Generated by org.testng.reporters.JUnitReportReporter -->
<testsuite hostname="Sathishs-MacBook-Air.local" failures="0" tests="1" name="Base.AtoZrecipes" time="13.699" errors="0" timestamp="2024-07-10T22:23:57 EDT" skipped="0">
  <testcase classname="Base.AtoZrecipes" name="Scrapping" time="13.699"/>
</testsuite> <!-- Base.AtoZrecipes -->
