<?xml version="1.0" encoding="UTF-8"?>
<!-- Generated by org.testng.reporters.JUnitReportReporter -->
<testsuite hostname="Karthik-Hp-2021" failures="0" tests="1" name="Base.Scraping" time="38.064" errors="0" timestamp="2024-07-14T21:39:14 CDT" skipped="0">
  <testcase classname="Base.Scraping" name="Scrapping" time="38.064"/>
</testsuite> <!-- Base.Scraping -->
