<?xml version="1.0" encoding="UTF-8"?>
<!-- Generated by org.testng.reporters.JUnitReportReporter -->
<testsuite hostname="DESKTOP-88CLK0G" failures="0" tests="1" name="LCHF.LCHFBaseAtoZ" time="1.491" errors="0" timestamp="2024-07-13T18:09:59 EDT" skipped="0">
  <testcase classname="LCHF.LCHFBaseAtoZ" name="callLCHFTestcase" time="1.491"/>
  <system-out/>
</testsuite> <!-- LCHF.LCHFBaseAtoZ -->
