<?xml version="1.0" encoding="UTF-8"?>
<!-- Generated by org.testng.reporters.JUnitReportReporter -->
<testsuite hostname="LAPTOP-N2E6OMSG" failures="0" tests="1" name="Base.AtoZrecipes" time="3.960" errors="0" timestamp="2024-07-12T17:48:19 EDT" skipped="0">
  <testcase classname="Base.AtoZrecipes" name="Scrapping" time="3.960"/>
</testsuite> <!-- Base.AtoZrecipes -->
